<?xml version="1.0" encoding="UTF-8"?>
<testng-results ignored="0" total="1" passed="1" failed="0" skipped="0">
  <reporter-output>
  </reporter-output>
  <suite started-at="2023-03-16T20:30:46 IST" name="Default suite" finished-at="2023-03-16T20:30:54 IST" duration-ms="7866">
    <groups>
    </groups>
    <test started-at="2023-03-16T20:30:46 IST" name="Default test" finished-at="2023-03-16T20:30:54 IST" duration-ms="7866">
      <class name="Test.AnnotationExample">
        <test-method signature="HyrAnnoatation()[pri:0, instance:Test.AnnotationExample@a1153bc]" started-at="2023-03-16T20:30:46 IST" name="HyrAnnoatation" finished-at="2023-03-16T20:30:54 IST" duration-ms="7786" status="PASS">
          <reporter-output>
          </reporter-output>
        </test-method> <!-- HyrAnnoatation -->
      </class> <!-- Test.AnnotationExample -->
    </test> <!-- Default test -->
  </suite> <!-- Default suite -->
</testng-results>
